[32m[1118 03:51:30 @logger.py:73][0m Argv: train.py --config MODE_MASK=False MODE_FPN=True
[32m[1118 03:51:30 @config.py:255][0m Config: ------------------------------------------
{'BACKBONE': {'FREEZE_AFFINE': False,
              'FREEZE_AT': 2,
              'NORM': 'GN',
              'RESNET_NUM_BLOCK': [3, 4, 6, 3],
              'STRIDE_1X1': False,
              'TF_PAD_MODE': False,
              'WEIGHTS': '/content/dense2p/weights/COCO-R50FPN-MaskRCNN-StandardGN.npz'},
 'CASCADE': {'BBOX_REG_WEIGHTS': [[10.0, 10.0, 5.0, 5.0],
                                  [20.0, 20.0, 10.0, 10.0],
                                  [30.0, 30.0, 15.0, 15.0]],
             'IOUS': [0.5, 0.6, 0.7],
             'NUM_STAGES': 3},
 'DATA': {'BASEDIR': '/content/VG/',
          'CLASS_NAMES': [],
          'NUM_CATEGORY': 80,
          'NUM_CLASS': 81,
          'TRAIN': ['train'],
          'VAL': 'train'},
 'FPN': {'ANCHOR_STRIDES': (4, 8, 16, 32, 64),
         'CASCADE': False,
         'FRCNN_CONV_HEAD_DIM': 256,
         'FRCNN_FC_HEAD_DIM': 1024,
         'FRCNN_HEAD_FUNC': 'fastrcnn_4conv1fc_gn_head',
         'MRCNN_HEAD_FUNC': 'maskrcnn_up4conv_gn_head',
         'NORM': 'GN',
         'NUM_CHANNEL': 256,
         'PROPOSAL_MODE': 'Level',
         'RESOLUTION_REQUIREMENT': 32},
 'FRCNN': {'BATCH_PER_IM': 32,
           'BBOX_REG_WEIGHTS': [10.0, 10.0, 5.0, 5.0],
           'FG_RATIO': 0.25,
           'FG_THRESH': 0.5},
 'MODE_FPN': True,
 'MODE_MASK': False,
 'MRCNN': {'HEAD_DIM': 256},
 'PREPROC': {'MAX_SIZE': 1344.0,
             'PIXEL_MEAN': [123.675, 116.28, 103.53],
             'PIXEL_STD': [58.395, 57.12, 57.375],
             'TEST_SHORT_EDGE_SIZE': 800,
             'TRAIN_SHORT_EDGE_SIZE': [800, 800]},
 'RPN': {'ANCHOR_RATIOS': (0.5, 1.0, 2.0),
         'ANCHOR_SIZES': (32, 64, 128, 256, 512),
         'ANCHOR_STRIDE': 16,
         'BATCH_PER_IM': 32,
         'CROWD_OVERLAP_THRESH': 0.7,
         'FG_RATIO': 0.5,
         'HEAD_DIM': 1024,
         'MIN_SIZE': 0,
         'NEGATIVE_ANCHOR_THRESH': 0.3,
         'NUM_ANCHOR': 15,
         'POSITIVE_ANCHOR_THRESH': 0.7,
         'PROPOSAL_NMS_THRESH': 0.7,
         'TEST_PER_LEVEL_NMS_TOPK': 1000,
         'TEST_POST_NMS_TOPK': 1000,
         'TEST_PRE_NMS_TOPK': 6000,
         'TRAIN_PER_LEVEL_NMS_TOPK': 2000,
         'TRAIN_POST_NMS_TOPK': 2000,
         'TRAIN_PRE_NMS_TOPK': 12000},
 'TEST': {'FRCNN_NMS_THRESH': 0.5,
          'RESULTS_PER_IM': 100,
          'RESULT_SCORE_THRESH': 0.05,
          'RESULT_SCORE_THRESH_VIS': 0.3},
 'TRAIN': {'BASE_LR': 0.01,
           'EVAL_PERIOD': 25,
           'LR_SCHEDULE': [240000, 320000, 360000],
           'NUM_GPUS': 1,
           'STEPS_PER_EPOCH': 20,
           'WARMUP': 1000,
           'WEIGHT_DECAY': 0.0001},
 'TRAINER': 'replicated'}
[32m[1118 03:51:30 @dense2p.py:617][0m Warm Up Schedule (steps, value): [(0, 0.0033000000000000004), (1000, 0.01)]
[32m[1118 03:51:30 @dense2p.py:618][0m LR Schedule (epochs, value): [(50, 0.01), (96000.0, 0.001), (128000.0, 0.00010000000000000002)]
[32m[1118 03:51:34 @vg_coco.py:79][0m Instances loaded from visual_genome/train_sets.json.
[32m[1118 03:51:53 @timer.py:48][0m Load Groundtruth Boxes for train finished, time:18.8989sec.
[32m[1118 03:51:53 @dense2p.py:622][0m Total passes of the training set is: 197.68000549111127
[32m[1118 03:51:53 @prof.py:45][0m [5m[31mWRN[0m [GPUUtilizationTracker] Both devices and CUDA_VISIBLE_DEVICES are None! Will monitor all 1 visible GPUs!
[32m[1118 03:51:55 @input_source.py:220][0m Setting up the queue 'QueueInput/input_queue' for CPU prefetching ...
[32m[1118 03:51:55 @training.py:112][0m Building graph for training tower 0 on device /gpu:0 ...
[32m[1118 03:51:56 @registry.py:121][0m conv0 input: [1, 3, None, None]
[32m[1118 03:51:56 @registry.py:121][0m conv0/gn input: [1, 64, None, None]
[32m[1118 03:51:56 @registry.py:129][0m conv0/gn output: [1, 64, None, None]
[32m[1118 03:51:56 @registry.py:129][0m conv0 output: [1, 64, None, None]
[32m[1118 03:51:56 @registry.py:121][0m pool0 input: [1, 64, None, None]
[32m[1118 03:51:56 @registry.py:129][0m pool0 output: [1, 64, None, None]
[32m[1118 03:51:56 @registry.py:121][0m group0/block0/conv1 input: [1, 64, None, None]
[32m[1118 03:51:56 @registry.py:121][0m group0/block0/conv1/gn input: [1, 64, None, None]
[32m[1118 03:51:56 @registry.py:129][0m group0/block0/conv1/gn output: [1, 64, None, None]
[32m[1118 03:51:56 @registry.py:129][0m group0/block0/conv1 output: [1, 64, None, None]
[32m[1118 03:51:56 @registry.py:121][0m group0/block0/conv2 input: [1, 64, None, None]
[32m[1118 03:51:56 @registry.py:121][0m group0/block0/conv2/gn input: [1, 64, None, None]
[32m[1118 03:51:56 @registry.py:129][0m group0/block0/conv2/gn output: [1, 64, None, None]
[32m[1118 03:51:56 @registry.py:129][0m group0/block0/conv2 output: [1, 64, None, None]
[32m[1118 03:51:56 @registry.py:121][0m group0/block0/conv3 input: [1, 64, None, None]
[32m[1118 03:51:56 @registry.py:121][0m group0/block0/conv3/gn input: [1, 256, None, None]
[32m[1118 03:51:56 @registry.py:129][0m group0/block0/conv3/gn output: [1, 256, None, None]
[32m[1118 03:51:56 @registry.py:129][0m group0/block0/conv3 output: [1, 256, None, None]
[32m[1118 03:51:56 @registry.py:121][0m group0/block0/convshortcut input: [1, 64, None, None]
[32m[1118 03:51:56 @registry.py:121][0m group0/block0/convshortcut/gn input: [1, 256, None, None]
[32m[1118 03:51:56 @registry.py:129][0m group0/block0/convshortcut/gn output: [1, 256, None, None]
[32m[1118 03:51:56 @registry.py:129][0m group0/block0/convshortcut output: [1, 256, None, None]
[32m[1118 03:51:56 @registry.py:121][0m group0/block1/conv1 input: [1, 256, None, None]
[32m[1118 03:51:56 @registry.py:121][0m group0/block1/conv1/gn input: [1, 64, None, None]
[32m[1118 03:51:56 @registry.py:129][0m group0/block1/conv1/gn output: [1, 64, None, None]
[32m[1118 03:51:56 @registry.py:129][0m group0/block1/conv1 output: [1, 64, None, None]
[32m[1118 03:51:56 @registry.py:121][0m group0/block1/conv2 input: [1, 64, None, None]
[32m[1118 03:51:56 @registry.py:121][0m group0/block1/conv2/gn input: [1, 64, None, None]
[32m[1118 03:51:56 @registry.py:129][0m group0/block1/conv2/gn output: [1, 64, None, None]
[32m[1118 03:51:56 @registry.py:129][0m group0/block1/conv2 output: [1, 64, None, None]
[32m[1118 03:51:56 @registry.py:121][0m group0/block1/conv3 input: [1, 64, None, None]
[32m[1118 03:51:56 @registry.py:121][0m group0/block1/conv3/gn input: [1, 256, None, None]
[32m[1118 03:51:56 @registry.py:129][0m group0/block1/conv3/gn output: [1, 256, None, None]
[32m[1118 03:51:56 @registry.py:129][0m group0/block1/conv3 output: [1, 256, None, None]
[32m[1118 03:51:56 @registry.py:121][0m group0/block2/conv1 input: [1, 256, None, None]
[32m[1118 03:51:56 @registry.py:121][0m group0/block2/conv1/gn input: [1, 64, None, None]
[32m[1118 03:51:56 @registry.py:129][0m group0/block2/conv1/gn output: [1, 64, None, None]
[32m[1118 03:51:56 @registry.py:129][0m group0/block2/conv1 output: [1, 64, None, None]
[32m[1118 03:51:56 @registry.py:121][0m group0/block2/conv2 input: [1, 64, None, None]
[32m[1118 03:51:56 @registry.py:121][0m group0/block2/conv2/gn input: [1, 64, None, None]
[32m[1118 03:51:57 @registry.py:129][0m group0/block2/conv2/gn output: [1, 64, None, None]
[32m[1118 03:51:57 @registry.py:129][0m group0/block2/conv2 output: [1, 64, None, None]
[32m[1118 03:51:57 @registry.py:121][0m group0/block2/conv3 input: [1, 64, None, None]
[32m[1118 03:51:57 @registry.py:121][0m group0/block2/conv3/gn input: [1, 256, None, None]
[32m[1118 03:51:57 @registry.py:129][0m group0/block2/conv3/gn output: [1, 256, None, None]
[32m[1118 03:51:57 @registry.py:129][0m group0/block2/conv3 output: [1, 256, None, None]
[32m[1118 03:51:57 @registry.py:121][0m group1/block0/conv1 input: [1, 256, None, None]
[32m[1118 03:51:57 @registry.py:121][0m group1/block0/conv1/gn input: [1, 128, None, None]
[32m[1118 03:51:57 @registry.py:129][0m group1/block0/conv1/gn output: [1, 128, None, None]
[32m[1118 03:51:57 @registry.py:129][0m group1/block0/conv1 output: [1, 128, None, None]
[32m[1118 03:51:57 @registry.py:121][0m group1/block0/conv2 input: [1, 128, None, None]
[32m[1118 03:51:57 @registry.py:121][0m group1/block0/conv2/gn input: [1, 128, None, None]
[32m[1118 03:51:57 @registry.py:129][0m group1/block0/conv2/gn output: [1, 128, None, None]
[32m[1118 03:51:57 @registry.py:129][0m group1/block0/conv2 output: [1, 128, None, None]
[32m[1118 03:51:57 @registry.py:121][0m group1/block0/conv3 input: [1, 128, None, None]
[32m[1118 03:51:57 @registry.py:121][0m group1/block0/conv3/gn input: [1, 512, None, None]
[32m[1118 03:51:57 @registry.py:129][0m group1/block0/conv3/gn output: [1, 512, None, None]
[32m[1118 03:51:57 @registry.py:129][0m group1/block0/conv3 output: [1, 512, None, None]
[32m[1118 03:51:57 @registry.py:121][0m group1/block0/convshortcut input: [1, 256, None, None]
[32m[1118 03:51:57 @registry.py:121][0m group1/block0/convshortcut/gn input: [1, 512, None, None]
[32m[1118 03:51:57 @registry.py:129][0m group1/block0/convshortcut/gn output: [1, 512, None, None]
[32m[1118 03:51:57 @registry.py:129][0m group1/block0/convshortcut output: [1, 512, None, None]
[32m[1118 03:51:57 @registry.py:121][0m group1/block1/conv1 input: [1, 512, None, None]
[32m[1118 03:51:57 @registry.py:121][0m group1/block1/conv1/gn input: [1, 128, None, None]
[32m[1118 03:51:57 @registry.py:129][0m group1/block1/conv1/gn output: [1, 128, None, None]
[32m[1118 03:51:57 @registry.py:129][0m group1/block1/conv1 output: [1, 128, None, None]
[32m[1118 03:51:57 @registry.py:121][0m group1/block1/conv2 input: [1, 128, None, None]
[32m[1118 03:51:57 @registry.py:121][0m group1/block1/conv2/gn input: [1, 128, None, None]
[32m[1118 03:51:57 @registry.py:129][0m group1/block1/conv2/gn output: [1, 128, None, None]
[32m[1118 03:51:57 @registry.py:129][0m group1/block1/conv2 output: [1, 128, None, None]
[32m[1118 03:51:57 @registry.py:121][0m group1/block1/conv3 input: [1, 128, None, None]
[32m[1118 03:51:57 @registry.py:121][0m group1/block1/conv3/gn input: [1, 512, None, None]
[32m[1118 03:51:57 @registry.py:129][0m group1/block1/conv3/gn output: [1, 512, None, None]
[32m[1118 03:51:57 @registry.py:129][0m group1/block1/conv3 output: [1, 512, None, None]
[32m[1118 03:51:57 @registry.py:121][0m group1/block2/conv1 input: [1, 512, None, None]
[32m[1118 03:51:57 @registry.py:121][0m group1/block2/conv1/gn input: [1, 128, None, None]
[32m[1118 03:51:57 @registry.py:129][0m group1/block2/conv1/gn output: [1, 128, None, None]
[32m[1118 03:51:57 @registry.py:129][0m group1/block2/conv1 output: [1, 128, None, None]
[32m[1118 03:51:57 @registry.py:121][0m group1/block2/conv2 input: [1, 128, None, None]
[32m[1118 03:51:57 @registry.py:121][0m group1/block2/conv2/gn input: [1, 128, None, None]
[32m[1118 03:51:57 @registry.py:129][0m group1/block2/conv2/gn output: [1, 128, None, None]
[32m[1118 03:51:57 @registry.py:129][0m group1/block2/conv2 output: [1, 128, None, None]
[32m[1118 03:51:57 @registry.py:121][0m group1/block2/conv3 input: [1, 128, None, None]
[32m[1118 03:51:57 @registry.py:121][0m group1/block2/conv3/gn input: [1, 512, None, None]
[32m[1118 03:51:57 @registry.py:129][0m group1/block2/conv3/gn output: [1, 512, None, None]
[32m[1118 03:51:57 @registry.py:129][0m group1/block2/conv3 output: [1, 512, None, None]
[32m[1118 03:51:57 @registry.py:121][0m group1/block3/conv1 input: [1, 512, None, None]
[32m[1118 03:51:57 @registry.py:121][0m group1/block3/conv1/gn input: [1, 128, None, None]
[32m[1118 03:51:57 @registry.py:129][0m group1/block3/conv1/gn output: [1, 128, None, None]
[32m[1118 03:51:57 @registry.py:129][0m group1/block3/conv1 output: [1, 128, None, None]
[32m[1118 03:51:57 @registry.py:121][0m group1/block3/conv2 input: [1, 128, None, None]
[32m[1118 03:51:57 @registry.py:121][0m group1/block3/conv2/gn input: [1, 128, None, None]
[32m[1118 03:51:57 @registry.py:129][0m group1/block3/conv2/gn output: [1, 128, None, None]
[32m[1118 03:51:57 @registry.py:129][0m group1/block3/conv2 output: [1, 128, None, None]
[32m[1118 03:51:57 @registry.py:121][0m group1/block3/conv3 input: [1, 128, None, None]
[32m[1118 03:51:57 @registry.py:121][0m group1/block3/conv3/gn input: [1, 512, None, None]
[32m[1118 03:51:57 @registry.py:129][0m group1/block3/conv3/gn output: [1, 512, None, None]
[32m[1118 03:51:57 @registry.py:129][0m group1/block3/conv3 output: [1, 512, None, None]
[32m[1118 03:51:57 @registry.py:121][0m group2/block0/conv1 input: [1, 512, None, None]
[32m[1118 03:51:57 @registry.py:121][0m group2/block0/conv1/gn input: [1, 256, None, None]
[32m[1118 03:51:57 @registry.py:129][0m group2/block0/conv1/gn output: [1, 256, None, None]
[32m[1118 03:51:57 @registry.py:129][0m group2/block0/conv1 output: [1, 256, None, None]
[32m[1118 03:51:57 @registry.py:121][0m group2/block0/conv2 input: [1, 256, None, None]
[32m[1118 03:51:57 @registry.py:121][0m group2/block0/conv2/gn input: [1, 256, None, None]
[32m[1118 03:51:57 @registry.py:129][0m group2/block0/conv2/gn output: [1, 256, None, None]
[32m[1118 03:51:57 @registry.py:129][0m group2/block0/conv2 output: [1, 256, None, None]
[32m[1118 03:51:57 @registry.py:121][0m group2/block0/conv3 input: [1, 256, None, None]
[32m[1118 03:51:57 @registry.py:121][0m group2/block0/conv3/gn input: [1, 1024, None, None]
[32m[1118 03:51:58 @registry.py:129][0m group2/block0/conv3/gn output: [1, 1024, None, None]
[32m[1118 03:51:58 @registry.py:129][0m group2/block0/conv3 output: [1, 1024, None, None]
[32m[1118 03:51:58 @registry.py:121][0m group2/block0/convshortcut input: [1, 512, None, None]
[32m[1118 03:51:58 @registry.py:121][0m group2/block0/convshortcut/gn input: [1, 1024, None, None]
[32m[1118 03:51:58 @registry.py:129][0m group2/block0/convshortcut/gn output: [1, 1024, None, None]
[32m[1118 03:51:58 @registry.py:129][0m group2/block0/convshortcut output: [1, 1024, None, None]
[32m[1118 03:51:58 @registry.py:121][0m group2/block1/conv1 input: [1, 1024, None, None]
[32m[1118 03:51:58 @registry.py:121][0m group2/block1/conv1/gn input: [1, 256, None, None]
[32m[1118 03:51:58 @registry.py:129][0m group2/block1/conv1/gn output: [1, 256, None, None]
[32m[1118 03:51:58 @registry.py:129][0m group2/block1/conv1 output: [1, 256, None, None]
[32m[1118 03:51:58 @registry.py:121][0m group2/block1/conv2 input: [1, 256, None, None]
[32m[1118 03:51:58 @registry.py:121][0m group2/block1/conv2/gn input: [1, 256, None, None]
[32m[1118 03:51:58 @registry.py:129][0m group2/block1/conv2/gn output: [1, 256, None, None]
[32m[1118 03:51:58 @registry.py:129][0m group2/block1/conv2 output: [1, 256, None, None]
[32m[1118 03:51:58 @registry.py:121][0m group2/block1/conv3 input: [1, 256, None, None]
[32m[1118 03:51:58 @registry.py:121][0m group2/block1/conv3/gn input: [1, 1024, None, None]
[32m[1118 03:51:58 @registry.py:129][0m group2/block1/conv3/gn output: [1, 1024, None, None]
[32m[1118 03:51:58 @registry.py:129][0m group2/block1/conv3 output: [1, 1024, None, None]
[32m[1118 03:51:58 @registry.py:121][0m group2/block2/conv1 input: [1, 1024, None, None]
[32m[1118 03:51:58 @registry.py:121][0m group2/block2/conv1/gn input: [1, 256, None, None]
[32m[1118 03:51:58 @registry.py:129][0m group2/block2/conv1/gn output: [1, 256, None, None]
[32m[1118 03:51:58 @registry.py:129][0m group2/block2/conv1 output: [1, 256, None, None]
[32m[1118 03:51:58 @registry.py:121][0m group2/block2/conv2 input: [1, 256, None, None]
[32m[1118 03:51:58 @registry.py:121][0m group2/block2/conv2/gn input: [1, 256, None, None]
[32m[1118 03:51:58 @registry.py:129][0m group2/block2/conv2/gn output: [1, 256, None, None]
[32m[1118 03:51:58 @registry.py:129][0m group2/block2/conv2 output: [1, 256, None, None]
[32m[1118 03:51:58 @registry.py:121][0m group2/block2/conv3 input: [1, 256, None, None]
[32m[1118 03:51:58 @registry.py:121][0m group2/block2/conv3/gn input: [1, 1024, None, None]
[32m[1118 03:51:58 @registry.py:129][0m group2/block2/conv3/gn output: [1, 1024, None, None]
[32m[1118 03:51:58 @registry.py:129][0m group2/block2/conv3 output: [1, 1024, None, None]
[32m[1118 03:51:58 @registry.py:121][0m group2/block3/conv1 input: [1, 1024, None, None]
[32m[1118 03:51:58 @registry.py:121][0m group2/block3/conv1/gn input: [1, 256, None, None]
[32m[1118 03:51:58 @registry.py:129][0m group2/block3/conv1/gn output: [1, 256, None, None]
[32m[1118 03:51:58 @registry.py:129][0m group2/block3/conv1 output: [1, 256, None, None]
[32m[1118 03:51:58 @registry.py:121][0m group2/block3/conv2 input: [1, 256, None, None]
[32m[1118 03:51:58 @registry.py:121][0m group2/block3/conv2/gn input: [1, 256, None, None]
[32m[1118 03:51:58 @registry.py:129][0m group2/block3/conv2/gn output: [1, 256, None, None]
[32m[1118 03:51:58 @registry.py:129][0m group2/block3/conv2 output: [1, 256, None, None]
[32m[1118 03:51:58 @registry.py:121][0m group2/block3/conv3 input: [1, 256, None, None]
[32m[1118 03:51:58 @registry.py:121][0m group2/block3/conv3/gn input: [1, 1024, None, None]
[32m[1118 03:51:58 @registry.py:129][0m group2/block3/conv3/gn output: [1, 1024, None, None]
[32m[1118 03:51:58 @registry.py:129][0m group2/block3/conv3 output: [1, 1024, None, None]
[32m[1118 03:51:58 @registry.py:121][0m group2/block4/conv1 input: [1, 1024, None, None]
[32m[1118 03:51:58 @registry.py:121][0m group2/block4/conv1/gn input: [1, 256, None, None]
[32m[1118 03:51:58 @registry.py:129][0m group2/block4/conv1/gn output: [1, 256, None, None]
[32m[1118 03:51:58 @registry.py:129][0m group2/block4/conv1 output: [1, 256, None, None]
[32m[1118 03:51:58 @registry.py:121][0m group2/block4/conv2 input: [1, 256, None, None]
[32m[1118 03:51:58 @registry.py:121][0m group2/block4/conv2/gn input: [1, 256, None, None]
[32m[1118 03:51:58 @registry.py:129][0m group2/block4/conv2/gn output: [1, 256, None, None]
[32m[1118 03:51:58 @registry.py:129][0m group2/block4/conv2 output: [1, 256, None, None]
[32m[1118 03:51:58 @registry.py:121][0m group2/block4/conv3 input: [1, 256, None, None]
[32m[1118 03:51:58 @registry.py:121][0m group2/block4/conv3/gn input: [1, 1024, None, None]
[32m[1118 03:51:58 @registry.py:129][0m group2/block4/conv3/gn output: [1, 1024, None, None]
[32m[1118 03:51:58 @registry.py:129][0m group2/block4/conv3 output: [1, 1024, None, None]
[32m[1118 03:51:58 @registry.py:121][0m group2/block5/conv1 input: [1, 1024, None, None]
[32m[1118 03:51:58 @registry.py:121][0m group2/block5/conv1/gn input: [1, 256, None, None]
[32m[1118 03:51:58 @registry.py:129][0m group2/block5/conv1/gn output: [1, 256, None, None]
[32m[1118 03:51:58 @registry.py:129][0m group2/block5/conv1 output: [1, 256, None, None]
[32m[1118 03:51:58 @registry.py:121][0m group2/block5/conv2 input: [1, 256, None, None]
[32m[1118 03:51:58 @registry.py:121][0m group2/block5/conv2/gn input: [1, 256, None, None]
[32m[1118 03:51:58 @registry.py:129][0m group2/block5/conv2/gn output: [1, 256, None, None]
[32m[1118 03:51:58 @registry.py:129][0m group2/block5/conv2 output: [1, 256, None, None]
[32m[1118 03:51:58 @registry.py:121][0m group2/block5/conv3 input: [1, 256, None, None]
[32m[1118 03:51:58 @registry.py:121][0m group2/block5/conv3/gn input: [1, 1024, None, None]
[32m[1118 03:51:58 @registry.py:129][0m group2/block5/conv3/gn output: [1, 1024, None, None]
[32m[1118 03:51:58 @registry.py:129][0m group2/block5/conv3 output: [1, 1024, None, None]
[32m[1118 03:51:58 @registry.py:121][0m group3/block0/conv1 input: [1, 1024, None, None]
[32m[1118 03:51:58 @registry.py:121][0m group3/block0/conv1/gn input: [1, 512, None, None]
[32m[1118 03:51:59 @registry.py:129][0m group3/block0/conv1/gn output: [1, 512, None, None]
[32m[1118 03:51:59 @registry.py:129][0m group3/block0/conv1 output: [1, 512, None, None]
[32m[1118 03:51:59 @registry.py:121][0m group3/block0/conv2 input: [1, 512, None, None]
[32m[1118 03:51:59 @registry.py:121][0m group3/block0/conv2/gn input: [1, 512, None, None]
[32m[1118 03:51:59 @registry.py:129][0m group3/block0/conv2/gn output: [1, 512, None, None]
[32m[1118 03:51:59 @registry.py:129][0m group3/block0/conv2 output: [1, 512, None, None]
[32m[1118 03:51:59 @registry.py:121][0m group3/block0/conv3 input: [1, 512, None, None]
[32m[1118 03:51:59 @registry.py:121][0m group3/block0/conv3/gn input: [1, 2048, None, None]
[32m[1118 03:51:59 @registry.py:129][0m group3/block0/conv3/gn output: [1, 2048, None, None]
[32m[1118 03:51:59 @registry.py:129][0m group3/block0/conv3 output: [1, 2048, None, None]
[32m[1118 03:51:59 @registry.py:121][0m group3/block0/convshortcut input: [1, 1024, None, None]
[32m[1118 03:51:59 @registry.py:121][0m group3/block0/convshortcut/gn input: [1, 2048, None, None]
[32m[1118 03:51:59 @registry.py:129][0m group3/block0/convshortcut/gn output: [1, 2048, None, None]
[32m[1118 03:51:59 @registry.py:129][0m group3/block0/convshortcut output: [1, 2048, None, None]
[32m[1118 03:51:59 @registry.py:121][0m group3/block1/conv1 input: [1, 2048, None, None]
[32m[1118 03:51:59 @registry.py:121][0m group3/block1/conv1/gn input: [1, 512, None, None]
[32m[1118 03:51:59 @registry.py:129][0m group3/block1/conv1/gn output: [1, 512, None, None]
[32m[1118 03:51:59 @registry.py:129][0m group3/block1/conv1 output: [1, 512, None, None]
[32m[1118 03:51:59 @registry.py:121][0m group3/block1/conv2 input: [1, 512, None, None]
[32m[1118 03:51:59 @registry.py:121][0m group3/block1/conv2/gn input: [1, 512, None, None]
[32m[1118 03:51:59 @registry.py:129][0m group3/block1/conv2/gn output: [1, 512, None, None]
[32m[1118 03:51:59 @registry.py:129][0m group3/block1/conv2 output: [1, 512, None, None]
[32m[1118 03:51:59 @registry.py:121][0m group3/block1/conv3 input: [1, 512, None, None]
[32m[1118 03:51:59 @registry.py:121][0m group3/block1/conv3/gn input: [1, 2048, None, None]
[32m[1118 03:51:59 @registry.py:129][0m group3/block1/conv3/gn output: [1, 2048, None, None]
[32m[1118 03:51:59 @registry.py:129][0m group3/block1/conv3 output: [1, 2048, None, None]
[32m[1118 03:51:59 @registry.py:121][0m group3/block2/conv1 input: [1, 2048, None, None]
[32m[1118 03:51:59 @registry.py:121][0m group3/block2/conv1/gn input: [1, 512, None, None]
[32m[1118 03:51:59 @registry.py:129][0m group3/block2/conv1/gn output: [1, 512, None, None]
[32m[1118 03:51:59 @registry.py:129][0m group3/block2/conv1 output: [1, 512, None, None]
[32m[1118 03:51:59 @registry.py:121][0m group3/block2/conv2 input: [1, 512, None, None]
[32m[1118 03:51:59 @registry.py:121][0m group3/block2/conv2/gn input: [1, 512, None, None]
[32m[1118 03:51:59 @registry.py:129][0m group3/block2/conv2/gn output: [1, 512, None, None]
[32m[1118 03:51:59 @registry.py:129][0m group3/block2/conv2 output: [1, 512, None, None]
[32m[1118 03:51:59 @registry.py:121][0m group3/block2/conv3 input: [1, 512, None, None]
[32m[1118 03:51:59 @registry.py:121][0m group3/block2/conv3/gn input: [1, 2048, None, None]
[32m[1118 03:51:59 @registry.py:129][0m group3/block2/conv3/gn output: [1, 2048, None, None]
[32m[1118 03:51:59 @registry.py:129][0m group3/block2/conv3 output: [1, 2048, None, None]
[32m[1118 03:51:59 @registry.py:121][0m fpn input: [1, 256, None, None],[1, 512, None, None],[1, 1024, None, None],[1, 2048, None, None]
[32m[1118 03:51:59 @registry.py:121][0m fpn/lateral_1x1_c2 input: [1, 256, None, None]
[32m[1118 03:51:59 @registry.py:129][0m fpn/lateral_1x1_c2 output: [1, 256, None, None]
[32m[1118 03:51:59 @registry.py:121][0m fpn/lateral_1x1_c3 input: [1, 512, None, None]
[32m[1118 03:51:59 @registry.py:129][0m fpn/lateral_1x1_c3 output: [1, 256, None, None]
[32m[1118 03:51:59 @registry.py:121][0m fpn/lateral_1x1_c4 input: [1, 1024, None, None]
[32m[1118 03:51:59 @registry.py:129][0m fpn/lateral_1x1_c4 output: [1, 256, None, None]
[32m[1118 03:51:59 @registry.py:121][0m fpn/lateral_1x1_c5 input: [1, 2048, None, None]
[32m[1118 03:51:59 @registry.py:129][0m fpn/lateral_1x1_c5 output: [1, 256, None, None]
[32m[1118 03:51:59 @registry.py:121][0m fpn/gn_c2 input: [1, 256, None, None]
[32m[1118 03:51:59 @registry.py:129][0m fpn/gn_c2 output: [1, 256, None, None]
[32m[1118 03:51:59 @registry.py:121][0m fpn/gn_c3 input: [1, 256, None, None]
[32m[1118 03:51:59 @registry.py:129][0m fpn/gn_c3 output: [1, 256, None, None]
[32m[1118 03:51:59 @registry.py:121][0m fpn/gn_c4 input: [1, 256, None, None]
[32m[1118 03:51:59 @registry.py:129][0m fpn/gn_c4 output: [1, 256, None, None]
[32m[1118 03:51:59 @registry.py:121][0m fpn/gn_c5 input: [1, 256, None, None]
[32m[1118 03:51:59 @registry.py:129][0m fpn/gn_c5 output: [1, 256, None, None]
[32m[1118 03:51:59 @registry.py:121][0m fpn/upsample_lat5 input: [1, 256, None, None]
[32m[1118 03:51:59 @registry.py:129][0m fpn/upsample_lat5 output: [1, 256, None, None]
[32m[1118 03:51:59 @registry.py:121][0m fpn/upsample_lat4 input: [1, 256, None, None]
[32m[1118 03:51:59 @registry.py:129][0m fpn/upsample_lat4 output: [1, 256, None, None]
[32m[1118 03:51:59 @registry.py:121][0m fpn/upsample_lat3 input: [1, 256, None, None]
[32m[1118 03:51:59 @registry.py:129][0m fpn/upsample_lat3 output: [1, 256, None, None]
[32m[1118 03:51:59 @registry.py:121][0m fpn/posthoc_3x3_p2 input: [1, 256, None, None]
[32m[1118 03:51:59 @registry.py:129][0m fpn/posthoc_3x3_p2 output: [1, 256, None, None]
[32m[1118 03:51:59 @registry.py:121][0m fpn/posthoc_3x3_p3 input: [1, 256, None, None]
[32m[1118 03:51:59 @registry.py:129][0m fpn/posthoc_3x3_p3 output: [1, 256, None, None]
[32m[1118 03:51:59 @registry.py:121][0m fpn/posthoc_3x3_p4 input: [1, 256, None, None]
[32m[1118 03:52:00 @registry.py:129][0m fpn/posthoc_3x3_p4 output: [1, 256, None, None]
[32m[1118 03:52:00 @registry.py:121][0m fpn/posthoc_3x3_p5 input: [1, 256, None, None]
[32m[1118 03:52:00 @registry.py:129][0m fpn/posthoc_3x3_p5 output: [1, 256, None, None]
[32m[1118 03:52:00 @registry.py:121][0m fpn/gn_p2 input: [1, 256, None, None]
[32m[1118 03:52:00 @registry.py:129][0m fpn/gn_p2 output: [1, 256, None, None]
[32m[1118 03:52:00 @registry.py:121][0m fpn/gn_p3 input: [1, 256, None, None]
[32m[1118 03:52:00 @registry.py:129][0m fpn/gn_p3 output: [1, 256, None, None]
[32m[1118 03:52:00 @registry.py:121][0m fpn/gn_p4 input: [1, 256, None, None]
[32m[1118 03:52:00 @registry.py:129][0m fpn/gn_p4 output: [1, 256, None, None]
[32m[1118 03:52:00 @registry.py:121][0m fpn/gn_p5 input: [1, 256, None, None]
[32m[1118 03:52:00 @registry.py:129][0m fpn/gn_p5 output: [1, 256, None, None]
[32m[1118 03:52:00 @registry.py:121][0m fpn/maxpool_p6 input: [1, 256, None, None]
[32m[1118 03:52:00 @registry.py:129][0m fpn/maxpool_p6 output: [1, 256, None, None]
[32m[1118 03:52:00 @registry.py:129][0m fpn output: [1, 256, None, None],[1, 256, None, None],[1, 256, None, None],[1, 256, None, None],[1, 256, None, None]
[32m[1118 03:52:00 @registry.py:121][0m rpn input: [1, 256, None, None]
[32m[1118 03:52:00 @registry.py:121][0m rpn/conv0 input: [1, 256, None, None]
[32m[1118 03:52:00 @registry.py:129][0m rpn/conv0 output: [1, 256, None, None]
[32m[1118 03:52:00 @registry.py:121][0m rpn/class input: [1, 256, None, None]
[32m[1118 03:52:00 @registry.py:129][0m rpn/class output: [1, 3, None, None]
[32m[1118 03:52:00 @registry.py:121][0m rpn/box input: [1, 256, None, None]
[32m[1118 03:52:00 @registry.py:129][0m rpn/box output: [1, 12, None, None]
[32m[1118 03:52:00 @registry.py:129][0m rpn output: [None, None, 3],[None, None, 3, 4]
[32m[1118 03:52:01 @registry.py:121][0m fastrcnn_x input: [None, 256, 7, 7]
[32m[1118 03:52:01 @registry.py:121][0m fastrcnn_x/conv0 input: [None, 256, 7, 7]
[32m[1118 03:52:02 @registry.py:129][0m fastrcnn_x/conv0 output: [None, 256, 7, 7]
[32m[1118 03:52:02 @registry.py:121][0m fastrcnn_x/gn0 input: [None, 256, 7, 7]
[32m[1118 03:52:02 @registry.py:129][0m fastrcnn_x/gn0 output: [None, 256, 7, 7]
[32m[1118 03:52:02 @registry.py:121][0m fastrcnn_x/conv1 input: [None, 256, 7, 7]
[32m[1118 03:52:02 @registry.py:129][0m fastrcnn_x/conv1 output: [None, 256, 7, 7]
[32m[1118 03:52:02 @registry.py:121][0m fastrcnn_x/gn1 input: [None, 256, 7, 7]
[32m[1118 03:52:02 @registry.py:129][0m fastrcnn_x/gn1 output: [None, 256, 7, 7]
[32m[1118 03:52:02 @registry.py:121][0m fastrcnn_x/conv2 input: [None, 256, 7, 7]
[32m[1118 03:52:02 @registry.py:129][0m fastrcnn_x/conv2 output: [None, 256, 7, 7]
[32m[1118 03:52:02 @registry.py:121][0m fastrcnn_x/gn2 input: [None, 256, 7, 7]
[32m[1118 03:52:02 @registry.py:129][0m fastrcnn_x/gn2 output: [None, 256, 7, 7]
[32m[1118 03:52:02 @registry.py:121][0m fastrcnn_x/conv3 input: [None, 256, 7, 7]
[32m[1118 03:52:02 @registry.py:129][0m fastrcnn_x/conv3 output: [None, 256, 7, 7]
[32m[1118 03:52:02 @registry.py:121][0m fastrcnn_x/gn3 input: [None, 256, 7, 7]
[32m[1118 03:52:02 @registry.py:129][0m fastrcnn_x/gn3 output: [None, 256, 7, 7]
[32m[1118 03:52:02 @registry.py:121][0m fastrcnn_x/fc input: [None, 256, 7, 7]
[32m[1118 03:52:02 @registry.py:129][0m fastrcnn_x/fc output: [None, 1024]
[32m[1118 03:52:02 @registry.py:129][0m fastrcnn_x output: [None, 1024]
[32m[1118 03:52:02 @registry.py:121][0m fastrcnn_x/outputs input: [None, 1024]
[32m[1118 03:52:02 @registry.py:121][0m fastrcnn_x/outputs/class input: [None, 1024]
[32m[1118 03:52:02 @registry.py:129][0m fastrcnn_x/outputs/class output: [None, 81]
[32m[1118 03:52:02 @registry.py:121][0m fastrcnn_x/outputs/box input: [None, 1024]
[32m[1118 03:52:02 @registry.py:129][0m fastrcnn_x/outputs/box output: [None, 324]
[32m[1118 03:52:02 @registry.py:129][0m fastrcnn_x/outputs output: [None, 1024],[None, 81],[None, 81, 4]
[32m[1118 03:52:06 @regularize.py:90][0m regularize_cost() found 60 variables to regularize.
[32m[1118 03:52:06 @regularize.py:19][0m The following tensors will be regularized: group1/block0/conv1/W:0, group1/block0/conv2/W:0, group1/block0/conv3/W:0, group1/block0/convshortcut/W:0, group1/block1/conv1/W:0, group1/block1/conv2/W:0, group1/block1/conv3/W:0, group1/block2/conv1/W:0, group1/block2/conv2/W:0, group1/block2/conv3/W:0, group1/block3/conv1/W:0, group1/block3/conv2/W:0, group1/block3/conv3/W:0, group2/block0/conv1/W:0, group2/block0/conv2/W:0, group2/block0/conv3/W:0, group2/block0/convshortcut/W:0, group2/block1/conv1/W:0, group2/block1/conv2/W:0, group2/block1/conv3/W:0, group2/block2/conv1/W:0, group2/block2/conv2/W:0, group2/block2/conv3/W:0, group2/block3/conv1/W:0, group2/block3/conv2/W:0, group2/block3/conv3/W:0, group2/block4/conv1/W:0, group2/block4/conv2/W:0, group2/block4/conv3/W:0, group2/block5/conv1/W:0, group2/block5/conv2/W:0, group2/block5/conv3/W:0, group3/block0/conv1/W:0, group3/block0/conv2/W:0, group3/block0/conv3/W:0, group3/block0/convshortcut/W:0, group3/block1/conv1/W:0, group3/block1/conv2/W:0, group3/block1/conv3/W:0, group3/block2/conv1/W:0, group3/block2/conv2/W:0, group3/block2/conv3/W:0, fpn/lateral_1x1_c2/W:0, fpn/lateral_1x1_c3/W:0, fpn/lateral_1x1_c4/W:0, fpn/lateral_1x1_c5/W:0, fpn/posthoc_3x3_p2/W:0, fpn/posthoc_3x3_p3/W:0, fpn/posthoc_3x3_p4/W:0, fpn/posthoc_3x3_p5/W:0, rpn/conv0/W:0, rpn/class/W:0, rpn/box/W:0, fastrcnn_x/conv0/W:0, fastrcnn_x/conv1/W:0, fastrcnn_x/conv2/W:0, fastrcnn_x/conv3/W:0, fastrcnn_x/fc/W:0, fastrcnn_x/outputs/class/W:0, fastrcnn_x/outputs/box/W:0
[32m[1118 03:52:06 @dense2p.py:318][0m ['OVERLOADABLE_OPERATORS', '__abs__', '__add__', '__and__', '__array_priority__', '__bool__', '__class__', '__copy__', '__delattr__', '__dict__', '__dir__', '__div__', '__doc__', '__eq__', '__floordiv__', '__format__', '__ge__', '__getattribute__', '__getitem__', '__gt__', '__hash__', '__init__', '__init_subclass__', '__invert__', '__iter__', '__le__', '__lt__', '__matmul__', '__mod__', '__module__', '__mul__', '__ne__', '__neg__', '__new__', '__nonzero__', '__or__', '__pow__', '__radd__', '__rand__', '__rdiv__', '__reduce__', '__reduce_ex__', '__repr__', '__rfloordiv__', '__rmatmul__', '__rmod__', '__rmul__', '__ror__', '__rpow__', '__rsub__', '__rtruediv__', '__rxor__', '__setattr__', '__sizeof__', '__str__', '__sub__', '__subclasshook__', '__truediv__', '__weakref__', '__xor__', '_as_node_def_input', '_as_tf_output', '_c_api_shape', '_consumers', '_dtype', '_get_input_ops_without_shapes', '_id', '_op', '_override_operator', '_rank', '_shape', '_shape_as_list', '_shape_tuple', '_shape_val', '_tf_api_names', '_tf_api_names_v1', '_value_index', 'consumers', 'device', 'dtype', 'eval', 'get_shape', 'graph', 'name', 'op', 'set_shape', 'shape', 'value_index', 'variables']
[32m[1118 03:52:06 @dense2p.py:319][0m Tensor("tower0/fastrcnn_x/fc/output:0", shape=(?, 1024), dtype=float32, device=/device:GPU:0)
[32m[1118 03:52:06 @dense2p.py:320][0m (?, 1024)
[32m[1118 03:52:06 @dense2p.py:420][0m (?, 1024)
[32m[1118 03:53:20 @gradproc.py:77][0m [5m[31mWRN[0m No gradient w.r.t 10 trainable variables: rpn/conv0/W, rpn/conv0/b, rpn/class/W, rpn/class/b, rpn/box/W, rpn/box/b, fastrcnn_x/outputs/class/W, fastrcnn_x/outputs/class/b, fastrcnn_x/outputs/box/W, fastrcnn_x/outputs/box/b
[32m[1118 03:53:24 @training.py:322][0m 'sync_variables_from_main_tower' includes 0 operations.
[32m[1118 03:53:24 @model_utils.py:64][0m [36mTrainable Variables: 
[0mname                                                      shape                    dim
--------------------------------------------------------  ------------------  --------
group1/block0/conv1/W:0                                   [1, 1, 256, 128]       32768
group1/block0/conv1/gn/beta:0                             [128]                    128
group1/block0/conv1/gn/gamma:0                            [128]                    128
group1/block0/conv2/W:0                                   [3, 3, 128, 128]      147456
group1/block0/conv2/gn/beta:0                             [128]                    128
group1/block0/conv2/gn/gamma:0                            [128]                    128
group1/block0/conv3/W:0                                   [1, 1, 128, 512]       65536
group1/block0/conv3/gn/beta:0                             [512]                    512
group1/block0/conv3/gn/gamma:0                            [512]                    512
group1/block0/convshortcut/W:0                            [1, 1, 256, 512]      131072
group1/block0/convshortcut/gn/beta:0                      [512]                    512
group1/block0/convshortcut/gn/gamma:0                     [512]                    512
group1/block1/conv1/W:0                                   [1, 1, 512, 128]       65536
group1/block1/conv1/gn/beta:0                             [128]                    128
group1/block1/conv1/gn/gamma:0                            [128]                    128
group1/block1/conv2/W:0                                   [3, 3, 128, 128]      147456
group1/block1/conv2/gn/beta:0                             [128]                    128
group1/block1/conv2/gn/gamma:0                            [128]                    128
group1/block1/conv3/W:0                                   [1, 1, 128, 512]       65536
group1/block1/conv3/gn/beta:0                             [512]                    512
group1/block1/conv3/gn/gamma:0                            [512]                    512
group1/block2/conv1/W:0                                   [1, 1, 512, 128]       65536
group1/block2/conv1/gn/beta:0                             [128]                    128
group1/block2/conv1/gn/gamma:0                            [128]                    128
group1/block2/conv2/W:0                                   [3, 3, 128, 128]      147456
group1/block2/conv2/gn/beta:0                             [128]                    128
group1/block2/conv2/gn/gamma:0                            [128]                    128
group1/block2/conv3/W:0                                   [1, 1, 128, 512]       65536
group1/block2/conv3/gn/beta:0                             [512]                    512
group1/block2/conv3/gn/gamma:0                            [512]                    512
group1/block3/conv1/W:0                                   [1, 1, 512, 128]       65536
group1/block3/conv1/gn/beta:0                             [128]                    128
group1/block3/conv1/gn/gamma:0                            [128]                    128
group1/block3/conv2/W:0                                   [3, 3, 128, 128]      147456
group1/block3/conv2/gn/beta:0                             [128]                    128
group1/block3/conv2/gn/gamma:0                            [128]                    128
group1/block3/conv3/W:0                                   [1, 1, 128, 512]       65536
group1/block3/conv3/gn/beta:0                             [512]                    512
group1/block3/conv3/gn/gamma:0                            [512]                    512
group2/block0/conv1/W:0                                   [1, 1, 512, 256]      131072
group2/block0/conv1/gn/beta:0                             [256]                    256
group2/block0/conv1/gn/gamma:0                            [256]                    256
group2/block0/conv2/W:0                                   [3, 3, 256, 256]      589824
group2/block0/conv2/gn/beta:0                             [256]                    256
group2/block0/conv2/gn/gamma:0                            [256]                    256
group2/block0/conv3/W:0                                   [1, 1, 256, 1024]     262144
group2/block0/conv3/gn/beta:0                             [1024]                  1024
group2/block0/conv3/gn/gamma:0                            [1024]                  1024
group2/block0/convshortcut/W:0                            [1, 1, 512, 1024]     524288
group2/block0/convshortcut/gn/beta:0                      [1024]                  1024
group2/block0/convshortcut/gn/gamma:0                     [1024]                  1024
group2/block1/conv1/W:0                                   [1, 1, 1024, 256]     262144
group2/block1/conv1/gn/beta:0                             [256]                    256
group2/block1/conv1/gn/gamma:0                            [256]                    256
group2/block1/conv2/W:0                                   [3, 3, 256, 256]      589824
group2/block1/conv2/gn/beta:0                             [256]                    256
group2/block1/conv2/gn/gamma:0                            [256]                    256
group2/block1/conv3/W:0                                   [1, 1, 256, 1024]     262144
group2/block1/conv3/gn/beta:0                             [1024]                  1024
group2/block1/conv3/gn/gamma:0                            [1024]                  1024
group2/block2/conv1/W:0                                   [1, 1, 1024, 256]     262144
group2/block2/conv1/gn/beta:0                             [256]                    256
group2/block2/conv1/gn/gamma:0                            [256]                    256
group2/block2/conv2/W:0                                   [3, 3, 256, 256]      589824
group2/block2/conv2/gn/beta:0                             [256]                    256
group2/block2/conv2/gn/gamma:0                            [256]                    256
group2/block2/conv3/W:0                                   [1, 1, 256, 1024]     262144
group2/block2/conv3/gn/beta:0                             [1024]                  1024
group2/block2/conv3/gn/gamma:0                            [1024]                  1024
group2/block3/conv1/W:0                                   [1, 1, 1024, 256]     262144
group2/block3/conv1/gn/beta:0                             [256]                    256
group2/block3/conv1/gn/gamma:0                            [256]                    256
group2/block3/conv2/W:0                                   [3, 3, 256, 256]      589824
group2/block3/conv2/gn/beta:0                             [256]                    256
group2/block3/conv2/gn/gamma:0                            [256]                    256
group2/block3/conv3/W:0                                   [1, 1, 256, 1024]     262144
group2/block3/conv3/gn/beta:0                             [1024]                  1024
group2/block3/conv3/gn/gamma:0                            [1024]                  1024
group2/block4/conv1/W:0                                   [1, 1, 1024, 256]     262144
group2/block4/conv1/gn/beta:0                             [256]                    256
group2/block4/conv1/gn/gamma:0                            [256]                    256
group2/block4/conv2/W:0                                   [3, 3, 256, 256]      589824
group2/block4/conv2/gn/beta:0                             [256]                    256
group2/block4/conv2/gn/gamma:0                            [256]                    256
group2/block4/conv3/W:0                                   [1, 1, 256, 1024]     262144
group2/block4/conv3/gn/beta:0                             [1024]                  1024
group2/block4/conv3/gn/gamma:0                            [1024]                  1024
group2/block5/conv1/W:0                                   [1, 1, 1024, 256]     262144
group2/block5/conv1/gn/beta:0                             [256]                    256
group2/block5/conv1/gn/gamma:0                            [256]                    256
group2/block5/conv2/W:0                                   [3, 3, 256, 256]      589824
group2/block5/conv2/gn/beta:0                             [256]                    256
group2/block5/conv2/gn/gamma:0                            [256]                    256
group2/block5/conv3/W:0                                   [1, 1, 256, 1024]     262144
group2/block5/conv3/gn/beta:0                             [1024]                  1024
group2/block5/conv3/gn/gamma:0                            [1024]                  1024
group3/block0/conv1/W:0                                   [1, 1, 1024, 512]     524288
group3/block0/conv1/gn/beta:0                             [512]                    512
group3/block0/conv1/gn/gamma:0                            [512]                    512
group3/block0/conv2/W:0                                   [3, 3, 512, 512]     2359296
group3/block0/conv2/gn/beta:0                             [512]                    512
group3/block0/conv2/gn/gamma:0                            [512]                    512
group3/block0/conv3/W:0                                   [1, 1, 512, 2048]    1048576
group3/block0/conv3/gn/beta:0                             [2048]                  2048
group3/block0/conv3/gn/gamma:0                            [2048]                  2048
group3/block0/convshortcut/W:0                            [1, 1, 1024, 2048]   2097152
group3/block0/convshortcut/gn/beta:0                      [2048]                  2048
group3/block0/convshortcut/gn/gamma:0                     [2048]                  2048
group3/block1/conv1/W:0                                   [1, 1, 2048, 512]    1048576
group3/block1/conv1/gn/beta:0                             [512]                    512
group3/block1/conv1/gn/gamma:0                            [512]                    512
group3/block1/conv2/W:0                                   [3, 3, 512, 512]     2359296
group3/block1/conv2/gn/beta:0                             [512]                    512
group3/block1/conv2/gn/gamma:0                            [512]                    512
group3/block1/conv3/W:0                                   [1, 1, 512, 2048]    1048576
group3/block1/conv3/gn/beta:0                             [2048]                  2048
group3/block1/conv3/gn/gamma:0                            [2048]                  2048
group3/block2/conv1/W:0                                   [1, 1, 2048, 512]    1048576
group3/block2/conv1/gn/beta:0                             [512]                    512
group3/block2/conv1/gn/gamma:0                            [512]                    512
group3/block2/conv2/W:0                                   [3, 3, 512, 512]     2359296
group3/block2/conv2/gn/beta:0                             [512]                    512
group3/block2/conv2/gn/gamma:0                            [512]                    512
group3/block2/conv3/W:0                                   [1, 1, 512, 2048]    1048576
group3/block2/conv3/gn/beta:0                             [2048]                  2048
group3/block2/conv3/gn/gamma:0                            [2048]                  2048
fpn/lateral_1x1_c2/W:0                                    [1, 1, 256, 256]       65536
fpn/lateral_1x1_c2/b:0                                    [256]                    256
fpn/lateral_1x1_c3/W:0                                    [1, 1, 512, 256]      131072
fpn/lateral_1x1_c3/b:0                                    [256]                    256
fpn/lateral_1x1_c4/W:0                                    [1, 1, 1024, 256]     262144
fpn/lateral_1x1_c4/b:0                                    [256]                    256
fpn/lateral_1x1_c5/W:0                                    [1, 1, 2048, 256]     524288
fpn/lateral_1x1_c5/b:0                                    [256]                    256
fpn/gn_c2/beta:0                                          [256]                    256
fpn/gn_c2/gamma:0                                         [256]                    256
fpn/gn_c3/beta:0                                          [256]                    256
fpn/gn_c3/gamma:0                                         [256]                    256
fpn/gn_c4/beta:0                                          [256]                    256
fpn/gn_c4/gamma:0                                         [256]                    256
fpn/gn_c5/beta:0                                          [256]                    256
fpn/gn_c5/gamma:0                                         [256]                    256
fpn/posthoc_3x3_p2/W:0                                    [3, 3, 256, 256]      589824
fpn/posthoc_3x3_p2/b:0                                    [256]                    256
fpn/posthoc_3x3_p3/W:0                                    [3, 3, 256, 256]      589824
fpn/posthoc_3x3_p3/b:0                                    [256]                    256
fpn/posthoc_3x3_p4/W:0                                    [3, 3, 256, 256]      589824
fpn/posthoc_3x3_p4/b:0                                    [256]                    256
fpn/posthoc_3x3_p5/W:0                                    [3, 3, 256, 256]      589824
fpn/posthoc_3x3_p5/b:0                                    [256]                    256
fpn/gn_p2/beta:0                                          [256]                    256
fpn/gn_p2/gamma:0                                         [256]                    256
fpn/gn_p3/beta:0                                          [256]                    256
fpn/gn_p3/gamma:0                                         [256]                    256
fpn/gn_p4/beta:0                                          [256]                    256
fpn/gn_p4/gamma:0                                         [256]                    256
fpn/gn_p5/beta:0                                          [256]                    256
fpn/gn_p5/gamma:0                                         [256]                    256
rpn/conv0/W:0                                             [3, 3, 256, 256]      589824
rpn/conv0/b:0                                             [256]                    256
rpn/class/W:0                                             [1, 1, 256, 3]           768
rpn/class/b:0                                             [3]                        3
rpn/box/W:0                                               [1, 1, 256, 12]         3072
rpn/box/b:0                                               [12]                      12
fastrcnn_x/conv0/W:0                                      [3, 3, 256, 256]      589824
fastrcnn_x/conv0/b:0                                      [256]                    256
fastrcnn_x/gn0/beta:0                                     [256]                    256
fastrcnn_x/gn0/gamma:0                                    [256]                    256
fastrcnn_x/conv1/W:0                                      [3, 3, 256, 256]      589824
fastrcnn_x/conv1/b:0                                      [256]                    256
fastrcnn_x/gn1/beta:0                                     [256]                    256
fastrcnn_x/gn1/gamma:0                                    [256]                    256
fastrcnn_x/conv2/W:0                                      [3, 3, 256, 256]      589824
fastrcnn_x/conv2/b:0                                      [256]                    256
fastrcnn_x/gn2/beta:0                                     [256]                    256
fastrcnn_x/gn2/gamma:0                                    [256]                    256
fastrcnn_x/conv3/W:0                                      [3, 3, 256, 256]      589824
fastrcnn_x/conv3/b:0                                      [256]                    256
fastrcnn_x/gn3/beta:0                                     [256]                    256
fastrcnn_x/gn3/gamma:0                                    [256]                    256
fastrcnn_x/fc/W:0                                         [12544, 1024]       12845056
fastrcnn_x/fc/b:0                                         [1024]                  1024
fastrcnn_x/outputs/class/W:0                              [1024, 81]             82944
fastrcnn_x/outputs/class/b:0                              [81]                      81
fastrcnn_x/outputs/box/W:0                                [1024, 324]           331776
fastrcnn_x/outputs/box/b:0                                [324]                    324
sentence_LSTM/basic_lstm_cell/kernel:0                    [1536, 2048]         3145728
sentence_LSTM/basic_lstm_cell/bias:0                      [2048]                  2048
word_LSTM/multi_rnn_cell/cell_0/basic_lstm_cell/kernel:0  [1536, 2048]         3145728
word_LSTM/multi_rnn_cell/cell_0/basic_lstm_cell/bias:0    [2048]                  2048
word_LSTM/multi_rnn_cell/cell_1/basic_lstm_cell/kernel:0  [1024, 2048]         2097152
word_LSTM/multi_rnn_cell/cell_1/basic_lstm_cell/bias:0    [2048]                  2048[36m
Total #vars=192, #params=51243428, size=195.48MB[0m
[32m[1118 03:53:24 @base.py:209][0m Setup callbacks graph ...
[32m[1118 03:53:24 @argtools.py:146][0m [5m[31mWRN[0m Install python-prctl so that processes can be cleaned with guarantee.
[32m[1118 03:53:34 @summary.py:38][0m Maintain moving average summary of 69 tensors in collection MOVING_SUMMARY_OPS.
[32m[1118 03:53:34 @summary.py:75][0m Summarizing collection 'summaries' of size 71.
[32m[1118 03:54:14 @base.py:227][0m Creating the session ...
[32m[1118 03:54:23 @base.py:233][0m Initializing the session ...
[32m[1118 03:54:23 @sessinit.py:207][0m Variables to restore from dict: group2/block0/conv1/W:0, group1/block3/conv2/gn/gamma:0, fpn/gn_p2/gamma:0, group0/block2/conv3/gn/gamma:0, group1/block0/conv1/W:0, fpn/lateral_1x1_c4/b:0, group2/block4/conv2/gn/beta:0, group3/block1/conv1/gn/beta:0, group1/block1/conv3/W:0, group2/block0/convshortcut/gn/gamma:0, group0/block0/convshortcut/gn/beta:0, group3/block0/conv2/W:0, group3/block0/convshortcut/gn/beta:0, group0/block2/conv2/gn/beta:0, group3/block2/conv2/W:0, group2/block3/conv1/gn/gamma:0, group0/block2/conv2/W:0, group2/block1/conv2/W:0, group1/block0/convshortcut/gn/beta:0, conv0/gn/gamma:0, group3/block1/conv2/W:0, fpn/lateral_1x1_c2/W:0, fpn/posthoc_3x3_p2/W:0, group0/block0/convshortcut/gn/gamma:0, group3/block2/conv2/gn/gamma:0, group1/block0/convshortcut/gn/gamma:0, rpn/class/W:0, group1/block2/conv3/gn/gamma:0, group2/block5/conv2/gn/gamma:0, fpn/gn_p2/beta:0, group1/block1/conv1/gn/gamma:0, group3/block1/conv3/gn/gamma:0, group2/block0/conv1/gn/beta:0, fpn/gn_p4/gamma:0, group0/block2/conv2/gn/gamma:0, fpn/gn_p5/beta:0, group3/block1/conv1/gn/gamma:0, fpn/posthoc_3x3_p3/b:0, group2/block4/conv1/gn/beta:0, group3/block0/conv2/gn/gamma:0, group2/block2/conv3/W:0, group2/block2/conv1/W:0, group3/block0/conv1/W:0, group3/block2/conv3/gn/gamma:0, group2/block5/conv1/W:0, rpn/box/W:0, group2/block3/conv1/gn/beta:0, group2/block0/convshortcut/W:0, group1/block3/conv3/gn/beta:0, group2/block3/conv1/W:0, group1/block3/conv1/gn/gamma:0, group2/block1/conv3/gn/beta:0, group2/block4/conv3/W:0, group2/block1/conv2/gn/beta:0, group0/block1/conv3/gn/gamma:0, rpn/conv0/W:0, fpn/posthoc_3x3_p4/W:0, group1/block0/conv1/gn/beta:0, fpn/gn_c4/beta:0, group2/block0/convshortcut/gn/beta:0, group2/block0/conv1/gn/gamma:0, group1/block2/conv1/gn/gamma:0, group1/block0/conv1/gn/gamma:0, group1/block2/conv2/gn/gamma:0, fpn/gn_c3/gamma:0, group0/block1/conv2/gn/beta:0, group2/block0/conv3/gn/gamma:0, group2/block1/conv1/gn/beta:0, group1/block2/conv3/gn/beta:0, group1/block2/conv2/gn/beta:0, group2/block0/conv3/gn/beta:0, group1/block1/conv2/gn/gamma:0, group1/block0/conv3/gn/gamma:0, group0/block0/convshortcut/W:0, fpn/gn_p3/gamma:0, group2/block4/conv3/gn/beta:0, group1/block2/conv3/W:0, fpn/lateral_1x1_c3/W:0, fpn/gn_c2/beta:0, group1/block0/conv2/gn/beta:0, rpn/conv0/b:0, fpn/posthoc_3x3_p4/b:0, group3/block0/conv1/gn/gamma:0, group0/block1/conv1/W:0, rpn/class/b:0, group2/block5/conv2/W:0, group1/block0/conv3/gn/beta:0, fpn/gn_p3/beta:0, fpn/posthoc_3x3_p5/W:0, group3/block1/conv3/gn/beta:0, fpn/gn_c5/beta:0, group0/block1/conv3/W:0, group1/block3/conv2/gn/beta:0, group0/block0/conv1/W:0, fpn/gn_c2/gamma:0, group2/block5/conv2/gn/beta:0, group3/block2/conv3/gn/beta:0, group3/block1/conv1/W:0, group3/block2/conv1/gn/beta:0, fpn/gn_c4/gamma:0, group0/block2/conv3/gn/beta:0, group0/block1/conv3/gn/beta:0, group2/block4/conv2/W:0, group2/block5/conv3/gn/gamma:0, group2/block5/conv3/W:0, group0/block0/conv2/gn/beta:0, group2/block0/conv3/W:0, group3/block0/conv2/gn/beta:0, group2/block2/conv1/gn/beta:0, group2/block1/conv2/gn/gamma:0, group3/block2/conv3/W:0, fpn/lateral_1x1_c3/b:0, group1/block3/conv3/gn/gamma:0, group1/block1/conv1/gn/beta:0, group2/block0/conv2/gn/beta:0, fpn/lateral_1x1_c5/W:0, rpn/box/b:0, group2/block1/conv1/W:0, group0/block0/conv1/gn/beta:0, group3/block0/conv3/gn/gamma:0, group0/block0/conv3/gn/beta:0, group0/block1/conv2/gn/gamma:0, group1/block3/conv2/W:0, group2/block3/conv3/gn/beta:0, group0/block0/conv2/gn/gamma:0, group2/block2/conv3/gn/beta:0, group2/block3/conv3/W:0, group0/block2/conv1/gn/gamma:0, group3/block0/conv3/gn/beta:0, group3/block1/conv3/W:0, group0/block2/conv1/gn/beta:0, group1/block0/conv2/gn/gamma:0, fpn/lateral_1x1_c5/b:0, group0/block0/conv3/gn/gamma:0, fpn/posthoc_3x3_p3/W:0, group1/block3/conv1/gn/beta:0, fpn/gn_p5/gamma:0, group2/block1/conv3/gn/gamma:0, conv0/W:0, group0/block1/conv1/gn/gamma:0, group1/block3/conv3/W:0, group0/block0/conv1/gn/gamma:0, group2/block5/conv1/gn/beta:0, group1/block2/conv2/W:0, group3/block2/conv1/gn/gamma:0, group2/block1/conv1/gn/gamma:0, group2/block2/conv2/gn/gamma:0, fpn/gn_c5/gamma:0, group0/block2/conv3/W:0, group2/block4/conv3/gn/gamma:0, group2/block4/conv1/gn/gamma:0, group3/block1/conv2/gn/beta:0, group2/block4/conv1/W:0, fpn/gn_p4/beta:0, group0/block1/conv2/W:0, group2/block3/conv2/gn/gamma:0, group3/block0/convshortcut/W:0, group2/block0/conv2/W:0, group1/block1/conv1/W:0, group2/block5/conv1/gn/gamma:0, group1/block1/conv3/gn/gamma:0, group2/block3/conv2/W:0, group2/block3/conv3/gn/gamma:0, group3/block2/conv1/W:0, group3/block0/convshortcut/gn/gamma:0, fpn/gn_c3/beta:0, group1/block0/conv3/W:0, group2/block2/conv2/gn/beta:0, conv0/gn/beta:0, group3/block0/conv1/gn/beta:0, fpn/posthoc_3x3_p2/b:0, group2/block1/conv3/W:0, group0/block0/conv3/W:0, group3/block1/conv2/gn/gamma:0, group2/block2/conv3/gn/gamma:0, group1/block2/conv1/W:0, group1/block2/conv1/gn/beta:0, group1/block0/convshortcut/W:0, group3/block2/conv2/gn/beta:0, group2/block0/conv2/gn/gamma:0, group1/block3/conv1/W:0, fpn/lateral_1x1_c2/b:0, fpn/posthoc_3x3_p5/b:0, group0/block0/conv2/W:0, group2/block2/conv2/W:0, group1/block0/conv2/W:0, group1/block1/conv2/W:0, group1/block1/conv3/gn/beta:0, fpn/lateral_1x1_c4/W:0, group1/block1/conv2/gn/beta:0, group2/block5/conv3/gn/beta:0, group0/block1/conv1/gn/beta:0, group2/block2/conv1/gn/gamma:0, group3/block0/conv3/W:0, group2/block4/conv2/gn/gamma:0, group2/block3/conv2/gn/beta:0, group0/block2/conv1/W:0
[32m[1118 03:54:23 @sessinit.py:90][0m [5m[31mWRN[0m The following variables are in the graph, but not found in the dict: fastrcnn_x/conv0/W:0, fastrcnn_x/conv0/b:0, fastrcnn_x/conv1/W:0, fastrcnn_x/conv1/b:0, fastrcnn_x/conv2/W:0, fastrcnn_x/conv2/b:0, fastrcnn_x/conv3/W:0, fastrcnn_x/conv3/b:0, fastrcnn_x/fc/W:0, fastrcnn_x/fc/b:0, fastrcnn_x/gn0/beta:0, fastrcnn_x/gn0/gamma:0, fastrcnn_x/gn1/beta:0, fastrcnn_x/gn1/gamma:0, fastrcnn_x/gn2/beta:0, fastrcnn_x/gn2/gamma:0, fastrcnn_x/gn3/beta:0, fastrcnn_x/gn3/gamma:0, fastrcnn_x/outputs/box/W:0, fastrcnn_x/outputs/box/b:0, fastrcnn_x/outputs/class/W:0, fastrcnn_x/outputs/class/b:0, global_step:0, learning_rate:0, sentence_LSTM/basic_lstm_cell/bias:0, sentence_LSTM/basic_lstm_cell/kernel:0, word_LSTM/multi_rnn_cell/cell_0/basic_lstm_cell/bias:0, word_LSTM/multi_rnn_cell/cell_0/basic_lstm_cell/kernel:0, word_LSTM/multi_rnn_cell/cell_1/basic_lstm_cell/bias:0, word_LSTM/multi_rnn_cell/cell_1/basic_lstm_cell/kernel:0
[32m[1118 03:54:23 @sessinit.py:90][0m [5m[31mWRN[0m The following variables are in the dict, but not found in the graph: fastrcnn/conv0/W:0, fastrcnn/conv0/b:0, fastrcnn/conv1/W:0, fastrcnn/conv1/b:0, fastrcnn/conv2/W:0, fastrcnn/conv2/b:0, fastrcnn/conv3/W:0, fastrcnn/conv3/b:0, fastrcnn/fc/W:0, fastrcnn/fc/b:0, fastrcnn/gn0/beta:0, fastrcnn/gn0/gamma:0, fastrcnn/gn1/beta:0, fastrcnn/gn1/gamma:0, fastrcnn/gn2/beta:0, fastrcnn/gn2/gamma:0, fastrcnn/gn3/beta:0, fastrcnn/gn3/gamma:0, fastrcnn/outputs/box/W:0, fastrcnn/outputs/box/b:0, fastrcnn/outputs/class/W:0, fastrcnn/outputs/class/b:0, maskrcnn/conv/W:0, maskrcnn/conv/b:0, maskrcnn/deconv/W:0, maskrcnn/deconv/b:0, maskrcnn/fcn0/W:0, maskrcnn/fcn0/b:0, maskrcnn/fcn1/W:0, maskrcnn/fcn1/b:0, maskrcnn/fcn2/W:0, maskrcnn/fcn2/b:0, maskrcnn/fcn3/W:0, maskrcnn/fcn3/b:0, maskrcnn/gn0/beta:0, maskrcnn/gn0/gamma:0, maskrcnn/gn1/beta:0, maskrcnn/gn1/gamma:0, maskrcnn/gn2/beta:0, maskrcnn/gn2/gamma:0, maskrcnn/gn3/beta:0, maskrcnn/gn3/gamma:0
[32m[1118 03:54:23 @sessinit.py:220][0m Restoring from dict ...
[32m[1118 03:56:09 @base.py:240][0m Graph Finalized.
[32m[1118 03:56:10 @concurrency.py:37][0m Starting EnqueueThread QueueInput/input_queue ...
[32m[1118 03:56:10 @graph.py:73][0m Running Op sync_variables/sync_variables_from_main_tower ...
[32m[1118 03:56:28 @param.py:158][0m [HyperParamSetter] At global_step=0, learning_rate is set to 0.003300
[32m[1118 03:56:29 @base.py:272][0m Start Epoch 1 ...
